-------------------------------------------------------------------------------
Test set: TestSuite
-------------------------------------------------------------------------------
Tests run: 4, Failures: 1, Errors: 0, Skipped: 0, Time elapsed: 2.125 sec <<< FAILURE! - in TestSuite
testSubstraction(CalculatorTest)  Time elapsed: 0.001 sec  <<< FAILURE!
java.lang.AssertionError: expected [true] but found [false]
	at CalculatorTest.testSubstraction(CalculatorTest.java:71)

