<?xml version="1.0" encoding="UTF-8"?>
<testsuite xmlns:xsi="http://www.w3.org/2001/XMLSchema-instance" xsi:schemaLocation="https://maven.apache.org/surefire/maven-surefire-plugin/xsd/surefire-test-report.xsd" name="TestSuite" time="2.125" tests="4" errors="0" skipped="0" failures="1">
  <properties>
[...]
</properties>
  <testcase name="testDivison" classname="CalculatorTest" time="0.018"/>
  <testcase name="testEqual" classname="CalculatorTest" time="0"/>
  <testcase name="testSubstraction" classname="CalculatorTest" time="0.001">
    <failure message="expected [true] but found [false]" type="java.lang.AssertionError">java.lang.AssertionError: expected [true] but found [false]
	at CalculatorTest.testSubstraction(CalculatorTest.java:71)
</failure>
  </testcase>
  <testcase name="testSum" classname="CalculatorTest" time="0.019"/>
</testsuite>